<?xml version="1.0" encoding="UTF-8"?>
<!-- Generated by org.testng.reporters.JUnitReportReporter -->
<testsuite skipped="0" hostname="DESKTOP-6V3GLGF" name="com.flipkart.testcases.FlipkartEndtoEndTC" tests="1" failures="0" timestamp="09 Aug 2020 17:19:46 GMT" time="79.674" errors="0">
  <testcase name="flipkart" time="79.674" classname="com.flipkart.testcases.FlipkartEndtoEndTC"/>
</testsuite> <!-- com.flipkart.testcases.FlipkartEndtoEndTC -->
